INFO (12/10/2023 11:30:44 AM): Either entered a path which doesn't exist or its not having read/write permissions C:oyrjerkn [junk.py]
INFO (12/10/2023 11:31:01 AM): Entered path: C:\Test1 [junk.py]
INFO (12/10/2023 11:31:01 AM): Scanning for the group [] [junk.py]
INFO (12/10/2023 11:31:01 AM): Scanning for the group ['C:\\Test1\\F1\\file1.txt', 'C:\\Test1\\F1\\file2.txt', 'C:\\Test1\\F1\\file3.txt'] [junk.py]
INFO (12/10/2023 11:31:01 AM): Scanning for the group [] [junk.py]
INFO (12/10/2023 11:31:01 AM): Scanning for the group ['C:\\Test1\\F2\\F21\\file21.txt', 'C:\\Test1\\F2\\F21\\file21R.txt', 'C:\\Test1\\F2\\F21\\file22.txt', 'C:\\Test1\\F2\\file1R1.txt', 'C:\\Test1\\F2\\file1R2.txt'] [junk.py]
INFO (12/10/2023 11:31:01 AM): Scanning for the group ['C:\\Test1\\F3\\file4.txt', 'C:\\Test1\\F3\\file5.txt', 'C:\\Test1\\F3\\file6.txt', 'C:\\Test1\\F3\\file6Rt.txt', 'C:\\Test1\\F3\\file7.txt', 'C:\\Test1\\file7.txt'] [junk.py]
INFO (12/10/2023 11:31:01 AM): Original C:\Test1\F1\file1.txt [junk.py]
INFO (12/10/2023 11:31:01 AM): Original C:\Test1\F1\file2.txt [junk.py]
INFO (12/10/2023 11:31:01 AM): Original C:\Test1\F1\file3.txt [junk.py]
INFO (12/10/2023 11:31:01 AM): Original C:\Test1\F2\F21\file21.txt [junk.py]
INFO (12/10/2023 11:31:01 AM): Original C:\Test1\F2\F21\file22.txt [junk.py]
INFO (12/10/2023 11:31:01 AM): Original C:\Test1\F3\file4.txt [junk.py]
INFO (12/10/2023 11:31:01 AM): Original C:\Test1\F3\file5.txt [junk.py]
INFO (12/10/2023 11:31:01 AM): Original C:\Test1\F3\file6.txt [junk.py]
INFO (12/10/2023 11:31:01 AM): Original C:\Test1\F3\file7.txt [junk.py]
INFO (12/10/2023 11:31:01 AM): Duplicate C:\Test1\F2\F21\file21R.txt [junk.py]
INFO (12/10/2023 11:31:01 AM): Duplicate C:\Test1\F2\file1R1.txt [junk.py]
INFO (12/10/2023 11:31:01 AM): Duplicate C:\Test1\F2\file1R2.txt [junk.py]
INFO (12/10/2023 11:31:01 AM): Duplicate C:\Test1\F3\file6Rt.txt [junk.py]
INFO (12/10/2023 11:31:01 AM): Duplicate C:\Test1\file7.txt [junk.py]
INFO (12/10/2023 11:31:08 AM): Deleting C:\Test1\F2\F21\file21R.txt [junk.py]
INFO (12/10/2023 11:31:08 AM): Deleting C:\Test1\F2\file1R1.txt [junk.py]
INFO (12/10/2023 11:31:11 AM): Deleting C:\Test1\F2\file1R2.txt [junk.py]
INFO (12/10/2023 11:31:11 AM): Deleting C:\Test1\F3\file6Rt.txt [junk.py]
INFO (12/10/2023 11:31:11 AM): Deleting C:\Test1\file7.txt [junk.py]
INFO (12/10/2023 11:31:11 AM): Freed up space : 17408 Bytes from the current working directory [junk.py]
INFO (12/10/2023 11:32:07 AM): Entered path: C:\Test2 [junk.py]
INFO (12/10/2023 11:32:07 AM): Scanning for the group [] [junk.py]
INFO (12/10/2023 11:32:07 AM): Scanning for the group ['C:\\Test2\\F1\\file1.txt', 'C:\\Test2\\F1\\file2.txt', 'C:\\Test2\\F1\\file3.txt'] [junk.py]
INFO (12/10/2023 11:32:07 AM): Scanning for the group [] [junk.py]
INFO (12/10/2023 11:32:07 AM): Scanning for the group ['C:\\Test2\\F2\\F21\\file21.txt', 'C:\\Test2\\F2\\F21\\file21R.txt', 'C:\\Test2\\F2\\F21\\file22.txt', 'C:\\Test2\\F2\\file1R1.txt', 'C:\\Test2\\F2\\file1R2.txt'] [junk.py]
INFO (12/10/2023 11:32:07 AM): Scanning for the group ['C:\\Test2\\F3\\file4.txt', 'C:\\Test2\\F3\\file5.txt', 'C:\\Test2\\F3\\file6.txt', 'C:\\Test2\\F3\\file6Rt.txt', 'C:\\Test2\\F3\\file7.txt', 'C:\\Test2\\file7.txt'] [junk.py]
INFO (12/10/2023 11:32:07 AM): Original C:\Test2\F1\file1.txt [junk.py]
INFO (12/10/2023 11:32:07 AM): Original C:\Test2\F1\file2.txt [junk.py]
INFO (12/10/2023 11:32:07 AM): Original C:\Test2\F1\file3.txt [junk.py]
INFO (12/10/2023 11:32:07 AM): Original C:\Test2\F2\F21\file21.txt [junk.py]
INFO (12/10/2023 11:32:07 AM): Original C:\Test2\F2\F21\file22.txt [junk.py]
INFO (12/10/2023 11:32:07 AM): Original C:\Test2\F3\file4.txt [junk.py]
INFO (12/10/2023 11:32:07 AM): Original C:\Test2\F3\file5.txt [junk.py]
INFO (12/10/2023 11:32:07 AM): Original C:\Test2\F3\file6.txt [junk.py]
INFO (12/10/2023 11:32:07 AM): Original C:\Test2\F3\file7.txt [junk.py]
INFO (12/10/2023 11:32:07 AM): Duplicate C:\Test2\F2\F21\file21R.txt [junk.py]
INFO (12/10/2023 11:32:07 AM): Duplicate C:\Test2\F2\file1R1.txt [junk.py]
INFO (12/10/2023 11:32:07 AM): Duplicate C:\Test2\F2\file1R2.txt [junk.py]
INFO (12/10/2023 11:32:07 AM): Duplicate C:\Test2\F3\file6Rt.txt [junk.py]
INFO (12/10/2023 11:32:07 AM): Duplicate C:\Test2\file7.txt [junk.py]
INFO (12/10/2023 11:35:47 AM): Renaming C:\Test2\F2\F21\file21R.txt to C:\Test2\F2\F21\file21Ra.txt [junk.py]
INFO (12/10/2023 11:36:20 AM): Renaming C:\Test2\F2\file1R1.txt to C:\Test2\F2\file1R1a.txt [junk.py]
INFO (12/10/2023 11:36:33 AM): Renaming C:\Test2\F2\file1R2.txt to C:\Test2\F2\file1R2a.txt [junk.py]
INFO (12/10/2023 11:36:47 AM): Renaming C:\Test2\F3\file6Rt.txt to C:\Test2\F3\file6Repeated.txt [junk.py]
INFO (12/10/2023 11:36:58 AM): Renaming C:\Test2\file7.txt to C:\Test2\file7R1.txt [junk.py]
INFO (12/10/2023 11:39:22 AM): Entered path: C:\Test2 [junk.py]
INFO (12/10/2023 11:39:22 AM): Scanning for the group [] [junk.py]
INFO (12/10/2023 11:39:22 AM): Scanning for the group ['C:\\Test2\\F1\\file1.txt', 'C:\\Test2\\F1\\file2.txt', 'C:\\Test2\\F1\\file3.txt'] [junk.py]
INFO (12/10/2023 11:39:22 AM): Scanning for the group [] [junk.py]
INFO (12/10/2023 11:39:22 AM): Scanning for the group ['C:\\Test2\\F2\\F21\\file21.txt', 'C:\\Test2\\F2\\F21\\file21Ra.txt', 'C:\\Test2\\F2\\F21\\file22.txt', 'C:\\Test2\\F2\\file1R1a.txt', 'C:\\Test2\\F2\\file1R2a.txt'] [junk.py]
INFO (12/10/2023 11:39:22 AM): Scanning for the group ['C:\\Test2\\F3\\file4.txt', 'C:\\Test2\\F3\\file5.txt', 'C:\\Test2\\F3\\file6.txt', 'C:\\Test2\\F3\\file6Repeated.txt', 'C:\\Test2\\F3\\file7.txt', 'C:\\Test2\\file7R1.txt'] [junk.py]
INFO (12/10/2023 11:39:22 AM): Original C:\Test2\F1\file1.txt [junk.py]
INFO (12/10/2023 11:39:22 AM): Original C:\Test2\F1\file2.txt [junk.py]
INFO (12/10/2023 11:39:22 AM): Original C:\Test2\F1\file3.txt [junk.py]
INFO (12/10/2023 11:39:22 AM): Original C:\Test2\F2\F21\file21.txt [junk.py]
INFO (12/10/2023 11:39:22 AM): Original C:\Test2\F2\F21\file22.txt [junk.py]
INFO (12/10/2023 11:39:22 AM): Original C:\Test2\F3\file4.txt [junk.py]
INFO (12/10/2023 11:39:22 AM): Original C:\Test2\F3\file5.txt [junk.py]
INFO (12/10/2023 11:39:22 AM): Original C:\Test2\F3\file6.txt [junk.py]
INFO (12/10/2023 11:39:22 AM): Original C:\Test2\F3\file7.txt [junk.py]
INFO (12/10/2023 11:39:22 AM): Duplicate C:\Test2\F2\F21\file21Ra.txt [junk.py]
INFO (12/10/2023 11:39:22 AM): Duplicate C:\Test2\F2\file1R1a.txt [junk.py]
INFO (12/10/2023 11:39:22 AM): Duplicate C:\Test2\F2\file1R2a.txt [junk.py]
INFO (12/10/2023 11:39:22 AM): Duplicate C:\Test2\F3\file6Repeated.txt [junk.py]
INFO (12/10/2023 11:39:22 AM): Duplicate C:\Test2\file7R1.txt [junk.py]
INFO (12/10/2023 11:40:10 AM): Backup directory path: C:\Projects\Wipro\backup_trash [junk.py]
INFO (12/10/2023 11:40:10 AM): Taking backup for files C:\Test2\F2\F21\file21Ra.txt on C:\Projects\Wipro\backup_trash\Backup_files [junk.py]
INFO (12/10/2023 11:40:10 AM): Taking backup for files C:\Test2\F2\file1R1a.txt on C:\Projects\Wipro\backup_trash\Backup_files [junk.py]
INFO (12/10/2023 11:40:10 AM): Taking backup for files C:\Test2\F2\file1R2a.txt on C:\Projects\Wipro\backup_trash\Backup_files [junk.py]
INFO (12/10/2023 11:40:10 AM): Taking backup for files C:\Test2\F3\file6Repeated.txt on C:\Projects\Wipro\backup_trash\Backup_files [junk.py]
INFO (12/10/2023 11:40:10 AM): Taking backup for files C:\Test2\file7R1.txt on C:\Projects\Wipro\backup_trash\Backup_files [junk.py]
INFO (12/10/2023 11:41:09 AM): Trying to Move C:\Test2\F2\F21\file21Ra.txt to C:\Projects\Wipro\move_trash [junk.py]
INFO (12/10/2023 11:41:09 AM): Trying to Move C:\Test2\F2\file1R1a.txt to C:\Projects\Wipro\move_trash [junk.py]
INFO (12/10/2023 11:41:09 AM): Trying to Move C:\Test2\F2\file1R2a.txt to C:\Projects\Wipro\move_trash [junk.py]
INFO (12/10/2023 11:41:09 AM): Trying to Move C:\Test2\F3\file6Repeated.txt to C:\Projects\Wipro\move_trash [junk.py]
INFO (12/10/2023 11:41:09 AM): Trying to Move C:\Test2\file7R1.txt to C:\Projects\Wipro\move_trash [junk.py]
INFO (12/10/2023 11:41:09 AM): Freed up space : 17408 Bytes from the current working directory [junk.py]
INFO (12/10/2023 11:46:20 AM): Entered path: C:\Test2 [junk.py]
INFO (12/10/2023 11:46:20 AM): Scanning for the group [] [junk.py]
INFO (12/10/2023 11:46:20 AM): Scanning for the group ['C:\\Test2\\F1\\file1.txt', 'C:\\Test2\\F1\\file2.txt', 'C:\\Test2\\F1\\file3.txt'] [junk.py]
INFO (12/10/2023 11:46:20 AM): Scanning for the group [] [junk.py]
INFO (12/10/2023 11:46:20 AM): Scanning for the group ['C:\\Test2\\F2\\F21\\file21.txt', 'C:\\Test2\\F2\\F21\\file22.txt'] [junk.py]
INFO (12/10/2023 11:46:20 AM): Scanning for the group ['C:\\Test2\\F3\\file4.txt', 'C:\\Test2\\F3\\file5.txt', 'C:\\Test2\\F3\\file6.txt', 'C:\\Test2\\F3\\file7.txt'] [junk.py]
INFO (12/10/2023 11:46:20 AM): Original C:\Test2\F1\file1.txt [junk.py]
INFO (12/10/2023 11:46:20 AM): Original C:\Test2\F1\file2.txt [junk.py]
INFO (12/10/2023 11:46:20 AM): Original C:\Test2\F1\file3.txt [junk.py]
INFO (12/10/2023 11:46:20 AM): Original C:\Test2\F2\F21\file21.txt [junk.py]
INFO (12/10/2023 11:46:20 AM): Original C:\Test2\F2\F21\file22.txt [junk.py]
INFO (12/10/2023 11:46:20 AM): Original C:\Test2\F3\file4.txt [junk.py]
INFO (12/10/2023 11:46:20 AM): Original C:\Test2\F3\file5.txt [junk.py]
INFO (12/10/2023 11:46:20 AM): Original C:\Test2\F3\file6.txt [junk.py]
INFO (12/10/2023 11:46:20 AM): Original C:\Test2\F3\file7.txt [junk.py]
INFO (12/10/2023 11:46:20 AM): No duplicates found!!! Terminating... [junk.py]
INFO (12/10/2023 11:47:31 AM): Entered path: C:\Test3 [junk.py]
INFO (12/10/2023 11:47:31 AM): Scanning for the group [] [junk.py]
INFO (12/10/2023 11:47:31 AM): Scanning for the group ['C:\\Test3\\F1\\file1.txt', 'C:\\Test3\\F1\\file2.txt', 'C:\\Test3\\F1\\file3.txt'] [junk.py]
INFO (12/10/2023 11:47:31 AM): Scanning for the group [] [junk.py]
INFO (12/10/2023 11:47:31 AM): Scanning for the group ['C:\\Test3\\F2\\F21\\file21.txt', 'C:\\Test3\\F2\\F21\\file21R.txt', 'C:\\Test3\\F2\\F21\\file22.txt', 'C:\\Test3\\F2\\file1R1.txt', 'C:\\Test3\\F2\\file1R2.txt'] [junk.py]
INFO (12/10/2023 11:47:31 AM): Scanning for the group ['C:\\Test3\\F3\\file4.txt', 'C:\\Test3\\F3\\file5.txt', 'C:\\Test3\\F3\\file6.txt', 'C:\\Test3\\F3\\file6Rt.txt', 'C:\\Test3\\F3\\file7.txt', 'C:\\Test3\\file7.txt'] [junk.py]
INFO (12/10/2023 11:47:31 AM): Original C:\Test3\F1\file1.txt [junk.py]
INFO (12/10/2023 11:47:31 AM): Original C:\Test3\F1\file2.txt [junk.py]
INFO (12/10/2023 11:47:31 AM): Original C:\Test3\F1\file3.txt [junk.py]
INFO (12/10/2023 11:47:31 AM): Original C:\Test3\F2\F21\file21.txt [junk.py]
INFO (12/10/2023 11:47:31 AM): Original C:\Test3\F2\F21\file22.txt [junk.py]
INFO (12/10/2023 11:47:31 AM): Original C:\Test3\F3\file4.txt [junk.py]
INFO (12/10/2023 11:47:31 AM): Original C:\Test3\F3\file5.txt [junk.py]
INFO (12/10/2023 11:47:31 AM): Original C:\Test3\F3\file6.txt [junk.py]
INFO (12/10/2023 11:47:31 AM): Original C:\Test3\F3\file7.txt [junk.py]
INFO (12/10/2023 11:47:31 AM): Duplicate C:\Test3\F2\F21\file21R.txt [junk.py]
INFO (12/10/2023 11:47:31 AM): Duplicate C:\Test3\F2\file1R1.txt [junk.py]
INFO (12/10/2023 11:47:31 AM): Duplicate C:\Test3\F2\file1R2.txt [junk.py]
INFO (12/10/2023 11:47:31 AM): Duplicate C:\Test3\F3\file6Rt.txt [junk.py]
INFO (12/10/2023 11:47:31 AM): Duplicate C:\Test3\file7.txt [junk.py]
INFO (12/10/2023 11:47:46 AM): Backup directory path: C:weowuyyxbfbc [junk.py]
INFO (12/10/2023 11:50:56 AM): Entered path: C:\Test3 [junk.py]
INFO (12/10/2023 11:50:56 AM): Scanning for the group [] [junk.py]
INFO (12/10/2023 11:50:56 AM): Scanning for the group ['C:\\Test3\\F1\\file1.txt', 'C:\\Test3\\F1\\file2.txt', 'C:\\Test3\\F1\\file3.txt'] [junk.py]
INFO (12/10/2023 11:50:56 AM): Scanning for the group [] [junk.py]
INFO (12/10/2023 11:50:56 AM): Scanning for the group ['C:\\Test3\\F2\\F21\\file21.txt', 'C:\\Test3\\F2\\F21\\file21R.txt', 'C:\\Test3\\F2\\F21\\file22.txt', 'C:\\Test3\\F2\\file1R1.txt', 'C:\\Test3\\F2\\file1R2.txt'] [junk.py]
INFO (12/10/2023 11:50:56 AM): Scanning for the group ['C:\\Test3\\F3\\file4.txt', 'C:\\Test3\\F3\\file5.txt', 'C:\\Test3\\F3\\file6.txt', 'C:\\Test3\\F3\\file6Rt.txt', 'C:\\Test3\\F3\\file7.txt', 'C:\\Test3\\file7.txt'] [junk.py]
INFO (12/10/2023 11:50:56 AM): Original C:\Test3\F1\file1.txt [junk.py]
INFO (12/10/2023 11:50:56 AM): Original C:\Test3\F1\file2.txt [junk.py]
INFO (12/10/2023 11:50:56 AM): Original C:\Test3\F1\file3.txt [junk.py]
INFO (12/10/2023 11:50:56 AM): Original C:\Test3\F2\F21\file21.txt [junk.py]
INFO (12/10/2023 11:50:56 AM): Original C:\Test3\F2\F21\file22.txt [junk.py]
INFO (12/10/2023 11:50:56 AM): Original C:\Test3\F3\file4.txt [junk.py]
INFO (12/10/2023 11:50:56 AM): Original C:\Test3\F3\file5.txt [junk.py]
INFO (12/10/2023 11:50:56 AM): Original C:\Test3\F3\file6.txt [junk.py]
INFO (12/10/2023 11:50:56 AM): Original C:\Test3\F3\file7.txt [junk.py]
INFO (12/10/2023 11:50:56 AM): Duplicate C:\Test3\F2\F21\file21R.txt [junk.py]
INFO (12/10/2023 11:50:56 AM): Duplicate C:\Test3\F2\file1R1.txt [junk.py]
INFO (12/10/2023 11:50:56 AM): Duplicate C:\Test3\F2\file1R2.txt [junk.py]
INFO (12/10/2023 11:50:56 AM): Duplicate C:\Test3\F3\file6Rt.txt [junk.py]
INFO (12/10/2023 11:50:56 AM): Duplicate C:\Test3\file7.txt [junk.py]
INFO (12/10/2023 11:51:12 AM): Failed to backup on C:iiiiii either it doses not exist or dont have write permissions [junk.py]